# JRE version: 7.0_09-b05
# Java VM: Java HotSpot(TM) Client VM (23.5-b02 mixed mode, sharing windows-x86 )
Heap
 def new generation   total 4928K, used 2028K [0x24750000, 0x24ca0000, 0x29ca0000)
  eden space 4416K,  39% used [0x24750000, 0x24908fc0, 0x24ba0000)
  from space 512K,  51% used [0x24ba0000, 0x24be2198, 0x24c20000)
  to   space 512K,   0% used [0x24c20000, 0x24c20000, 0x24ca0000)
 tenured generation   total 10944K, used 1413K [0x29ca0000, 0x2a750000, 0x34750000)
   the space 10944K,  12% used [0x29ca0000, 0x29e017e8, 0x29e01800, 0x2a750000)
 compacting perm gen  total 12288K, used 4584K [0x34750000, 0x35350000, 0x38750000)
   the space 12288K,  37% used [0x34750000, 0x34bca388, 0x34bca400, 0x35350000)
    ro space 10240K,  45% used [0x38750000, 0x38bd5880, 0x38bd5a00, 0x39150000)
    rw space 12288K,  54% used [0x39150000, 0x397d8a58, 0x397d8c00, 0x39d50000)
GC Heap History (8 events):
Event: 0.338 GC heap before
{Heap before GC invocations=0 (full 0):
 def new generation   total 4928K, used 4416K [0x24750000, 0x24ca0000, 0x29ca0000)
  eden space 4416K, 100% used [0x24750000, 0x24ba0000, 0x24ba0000)
  from space 512K,   0% used [0x24ba0000, 0x24ba0000, 0x24c20000)
  to   space 512K,   0% used [0x24c20000, 0x24c20000, 0x24ca0000)
 tenured generation   total 10944K, used 0K [0x29ca0000, 0x2a750000, 0x34750000)
   the space 10944K,   0% used [0x29ca0000, 0x29ca0000, 0x29ca0200, 0x2a750000)
 compacting perm gen  total 12288K, used 1655K [0x34750000, 0x35350000, 0x38750000)
   the space 12288K,  13% used [0x34750000, 0x348ede00, 0x348ede00, 0x35350000)
    ro space 10240K,  45% used [0x38750000, 0x38bd5880, 0x38bd5a00, 0x39150000)
    rw space 12288K,  54% used [0x39150000, 0x397d8a58, 0x397d8c00, 0x39d50000)
Event: 0.343 GC heap after
Heap after GC invocations=1 (full 0):
 def new generation   total 4928K, used 512K [0x24750000, 0x24ca0000, 0x29ca0000)
  eden space 4416K,   0% used [0x24750000, 0x24750000, 0x24ba0000)
  from space 512K, 100% used [0x24c20000, 0x24ca0000, 0x24ca0000)
  to   space 512K,   0% used [0x24ba0000, 0x24ba0000, 0x24c20000)
 tenured generation   total 10944K, used 72K [0x29ca0000, 0x2a750000, 0x34750000)
   the space 10944K,   0% used [0x29ca0000, 0x29cb2078, 0x29cb2200, 0x2a750000)
 compacting perm gen  total 12288K, used 1655K [0x34750000, 0x35350000, 0x38750000)
   the space 12288K,  13% used [0x34750000, 0x348ede00, 0x348ede00, 0x35350000)
    ro space 10240K,  45% used [0x38750000, 0x38bd5880, 0x38bd5a00, 0x39150000)
    rw space 12288K,  54% used [0x39150000, 0x397d8a58, 0x397d8c00, 0x39d50000)
}
Event: 0.566 GC heap before
{Heap before GC invocations=1 (full 0):
 def new generation   total 4928K, used 4928K [0x24750000, 0x24ca0000, 0x29ca0000)
  eden space 4416K, 100% used [0x24750000, 0x24ba0000, 0x24ba0000)
  from space 512K, 100% used [0x24c20000, 0x24ca0000, 0x24ca0000)
  to   space 512K,   0% used [0x24ba0000, 0x24ba0000, 0x24c20000)
 tenured generation   total 10944K, used 72K [0x29ca0000, 0x2a750000, 0x34750000)
   the space 10944K,   0% used [0x29ca0000, 0x29cb2078, 0x29cb2200, 0x2a750000)
 compacting perm gen  total 12288K, used 2979K [0x34750000, 0x35350000, 0x38750000)
   the space 12288K,  24% used [0x34750000, 0x34a38d80, 0x34a38e00, 0x35350000)
    ro space 10240K,  45% used [0x38750000, 0x38bd5880, 0x38bd5a00, 0x39150000)
    rw space 12288K,  54% used [0x39150000, 0x397d8a58, 0x397d8c00, 0x39d50000)
Event: 0.572 GC heap after
Heap after GC invocations=2 (full 0):
 def new generation   total 4928K, used 512K [0x24750000, 0x24ca0000, 0x29ca0000)
  eden space 4416K,   0% used [0x24750000, 0x24750000, 0x24ba0000)
  from space 512K, 100% used [0x24ba0000, 0x24c20000, 0x24c20000)
  to   space 512K,   0% used [0x24c20000, 0x24c20000, 0x24ca0000)
 tenured generation   total 10944K, used 592K [0x29ca0000, 0x2a750000, 0x34750000)
   the space 10944K,   5% used [0x29ca0000, 0x29d34058, 0x29d34200, 0x2a750000)
 compacting perm gen  total 12288K, used 2979K [0x34750000, 0x35350000, 0x38750000)
   the space 12288K,  24% used [0x34750000, 0x34a38d80, 0x34a38e00, 0x35350000)
    ro space 10240K,  45% used [0x38750000, 0x38bd5880, 0x38bd5a00, 0x39150000)
    rw space 12288K,  54% used [0x39150000, 0x397d8a58, 0x397d8c00, 0x39d50000)
}
Event: 0.855 GC heap before
{Heap before GC invocations=2 (full 0):
 def new generation   total 4928K, used 4928K [0x24750000, 0x24ca0000, 0x29ca0000)
  eden space 4416K, 100% used [0x24750000, 0x24ba0000, 0x24ba0000)
  from space 512K, 100% used [0x24ba0000, 0x24c20000, 0x24c20000)
  to   space 512K,   0% used [0x24c20000, 0x24c20000, 0x24ca0000)
 tenured generation   total 10944K, used 592K [0x29ca0000, 0x2a750000, 0x34750000)
   the space 10944K,   5% used [0x29ca0000, 0x29d34058, 0x29d34200, 0x2a750000)
 compacting perm gen  total 12288K, used 4256K [0x34750000, 0x35350000, 0x38750000)
   the space 12288K,  34% used [0x34750000, 0x34b782d8, 0x34b78400, 0x35350000)
    ro space 10240K,  45% used [0x38750000, 0x38bd5880, 0x38bd5a00, 0x39150000)
    rw space 12288K,  54% used [0x39150000, 0x397d8a58, 0x397d8c00, 0x39d50000)
Event: 0.862 GC heap after
Heap after GC invocations=3 (full 0):
 def new generation   total 4928K, used 367K [0x24750000, 0x24ca0000, 0x29ca0000)
  eden space 4416K,   0% used [0x24750000, 0x24750000, 0x24ba0000)
  from space 512K,  71% used [0x24c20000, 0x24c7bcb8, 0x24ca0000)
  to   space 512K,   0% used [0x24ba0000, 0x24ba0000, 0x24c20000)
 tenured generation   total 10944K, used 1088K [0x29ca0000, 0x2a750000, 0x34750000)
   the space 10944K,   9% used [0x29ca0000, 0x29db0060, 0x29db0200, 0x2a750000)
 compacting perm gen  total 12288K, used 4256K [0x34750000, 0x35350000, 0x38750000)
   the space 12288K,  34% used [0x34750000, 0x34b782d8, 0x34b78400, 0x35350000)
    ro space 10240K,  45% used [0x38750000, 0x38bd5880, 0x38bd5a00, 0x39150000)
    rw space 12288K,  54% used [0x39150000, 0x397d8a58, 0x397d8c00, 0x39d50000)
}
Event: 11.029 GC heap before
{Heap before GC invocations=3 (full 0):
 def new generation   total 4928K, used 4783K [0x24750000, 0x24ca0000, 0x29ca0000)
  eden space 4416K, 100% used [0x24750000, 0x24ba0000, 0x24ba0000)
  from space 512K,  71% used [0x24c20000, 0x24c7bcb8, 0x24ca0000)
  to   space 512K,   0% used [0x24ba0000, 0x24ba0000, 0x24c20000)
 tenured generation   total 10944K, used 1088K [0x29ca0000, 0x2a750000, 0x34750000)
   the space 10944K,   9% used [0x29ca0000, 0x29db0060, 0x29db0200, 0x2a750000)
 compacting perm gen  total 12288K, used 4576K [0x34750000, 0x35350000, 0x38750000)
   the space 12288K,  37% used [0x34750000, 0x34bc82e8, 0x34bc8400, 0x35350000)
    ro space 10240K,  45% used [0x38750000, 0x38bd5880, 0x38bd5a00, 0x39150000)
    rw space 12288K,  54% used [0x39150000, 0x397d8a58, 0x397d8c00, 0x39d50000)
Event: 11.037 GC heap after
Heap after GC invocations=4 (full 0):
 def new generation   total 4928K, used 264K [0x24750000, 0x24ca0000, 0x29ca0000)
  eden space 4416K,   0% used [0x24750000, 0x24750000, 0x24ba0000)
  from space 512K,  51% used [0x24ba0000, 0x24be2198, 0x24c20000)
  to   space 512K,   0% used [0x24c20000, 0x24c20000, 0x24ca0000)
 tenured generation   total 10944K, used 1413K [0x29ca0000, 0x2a750000, 0x34750000)
   the space 10944K,  12% used [0x29ca0000, 0x29e017e8, 0x29e01800, 0x2a750000)
 compacting perm gen  total 12288K, used 4576K [0x34750000, 0x35350000, 0x38750000)
   the space 12288K,  37% used [0x34750000, 0x34bc82e8, 0x34bc8400, 0x35350000)
    ro space 10240K,  45% used [0x38750000, 0x38bd5880, 0x38bd5a00, 0x39150000)
    rw space 12288K,  54% used [0x39150000, 0x397d8a58, 0x397d8c00, 0x39d50000)
}

